<?xml version="1.0" encoding="UTF-8"?>
<testng-results skipped="0" failed="0" ignored="0" total="1" passed="1">
  <reporter-output>
  </reporter-output>
  <suite name="Default suite" duration-ms="3126" started-at="2020-06-07T03:53:59Z" finished-at="2020-06-07T03:54:03Z">
    <groups>
    </groups>
    <test name="Default test" duration-ms="3126" started-at="2020-06-07T03:53:59Z" finished-at="2020-06-07T03:54:03Z">
      <class name="com.talentech.test.GetAllEmployeeRecords">
        <test-method status="PASS" signature="GetAllEmployeeRecord()[pri:0, instance:com.talentech.test.GetAllEmployeeRecords@28feb3fa]" name="GetAllEmployeeRecord" duration-ms="3082" started-at="2020-06-07T03:53:59Z" finished-at="2020-06-07T03:54:03Z">
          <reporter-output>
          </reporter-output>
        </test-method> <!-- GetAllEmployeeRecord -->
      </class> <!-- com.talentech.test.GetAllEmployeeRecords -->
    </test> <!-- Default test -->
  </suite> <!-- Default suite -->
</testng-results>
